0 info it worked if it ends with ok
1 verbose cli [ '/Users/sterpe/.nvm/versions/node/v4.4.2/bin/node',
1 verbose cli   '/Users/sterpe/.nvm/versions/node/v4.4.2/bin/npm',
1 verbose cli   'run',
1 verbose cli   'postinstall' ]
2 info using npm@3.8.6
3 info using node@v4.4.2
4 verbose stack Error: missing script: postinstall
4 verbose stack     at run (/Users/sterpe/.nvm/versions/node/v4.4.2/lib/node_modules/npm/lib/run-script.js:147:19)
4 verbose stack     at /Users/sterpe/.nvm/versions/node/v4.4.2/lib/node_modules/npm/lib/run-script.js:57:5
4 verbose stack     at /Users/sterpe/.nvm/versions/node/v4.4.2/lib/node_modules/npm/node_modules/read-package-json/read-json.js:345:5
4 verbose stack     at checkBinReferences_ (/Users/sterpe/.nvm/versions/node/v4.4.2/lib/node_modules/npm/node_modules/read-package-json/read-json.js:309:45)
4 verbose stack     at final (/Users/sterpe/.nvm/versions/node/v4.4.2/lib/node_modules/npm/node_modules/read-package-json/read-json.js:343:3)
4 verbose stack     at then (/Users/sterpe/.nvm/versions/node/v4.4.2/lib/node_modules/npm/node_modules/read-package-json/read-json.js:113:5)
4 verbose stack     at /Users/sterpe/.nvm/versions/node/v4.4.2/lib/node_modules/npm/node_modules/read-package-json/read-json.js:300:12
4 verbose stack     at /Users/sterpe/.nvm/versions/node/v4.4.2/lib/node_modules/npm/node_modules/graceful-fs/graceful-fs.js:78:16
4 verbose stack     at FSReqWrap.readFileAfterClose [as oncomplete] (fs.js:380:3)
5 verbose cwd /Users/sterpe/git/eslint-config-rubiconproject
6 error Darwin 15.3.0
7 error argv "/Users/sterpe/.nvm/versions/node/v4.4.2/bin/node" "/Users/sterpe/.nvm/versions/node/v4.4.2/bin/npm" "run" "postinstall"
8 error node v4.4.2
9 error npm  v3.8.6
10 error missing script: postinstall
11 error If you need help, you may report this error at:
11 error     <https://github.com/npm/npm/issues>
12 verbose exit [ 1, true ]
